<?xml version="1.0" encoding="UTF-8"?>
<!-- Generated by org.testng.reporters.JUnitReportReporter -->
<testsuite hostname="ASK" failures="0" tests="1" name="com.myproject.qa.TestCases.FBLoginPageTest" time="3.012" errors="0" timestamp="14 Oct 2022 05:18:03 GMT">
  <testcase classname="com.myproject.qa.TestCases.FBLoginPageTest" name="FacebookLoginPageTest" time="3.012"/>
</testsuite>
